2016-11-23 06:35:17	Start system
2016-11-23 06:35:17	Load modules
2016-11-23 06:35:17		 webserver loaded
2016-11-23 06:35:17		 rtsocket loaded
2016-11-23 06:35:17		 perfmon loaded
2016-11-23 06:35:17		 iec104 loaded
2016-11-23 06:35:55	
2016-11-23 06:35:55	Start system
2016-11-23 06:35:55	Load modules
2016-11-23 06:35:55		 webserver loaded
2016-11-23 06:35:55		 rtsocket loaded
2016-11-23 06:35:55		 perfmon loaded
2016-11-23 06:35:55		 iec104 loaded
2016-11-23 06:37:35	
2016-11-23 06:37:35	
2016-11-23 06:37:35	
2016-11-23 06:37:35	
2016-11-23 06:37:35	
2016-11-23 06:37:36	
2016-11-23 06:37:36	
	
2016-11-23 06:37:58	Start system
2016-11-23 06:37:58	Load modules
2016-11-23 06:37:58		 webserver loaded
2016-11-23 06:37:58		 rtsocket loaded
2016-11-23 06:37:59		 perfmon loaded
2016-11-23 06:37:59		 iec104 loaded
	
2016-11-23 06:42:13	Start system
2016-11-23 06:42:13	Load modules
2016-11-23 06:42:13		 webserver loaded
2016-11-23 06:42:13		 rtsocket loaded
2016-11-23 06:42:13		 perfmon loaded
2016-11-23 06:42:13		 iec104 loaded
2016-11-23 06:42:13	Start module ${sb.name} - ${sb.path} ${str}
	
2016-11-23 06:42:53	Start system
2016-11-23 06:42:53	Load modules
2016-11-23 06:42:53		 webserver loaded
2016-11-23 06:42:53		 rtsocket loaded
2016-11-23 06:42:53		 perfmon loaded
2016-11-23 06:42:53		 iec104 loaded
2016-11-23 06:42:53	Start module "${sb.name}" - "${sb.path}" "${str}"
	
2016-11-23 06:46:19	Start system
2016-11-23 06:46:19	Load modules
2016-11-23 06:46:20		 webserver loaded
2016-11-23 06:46:20		 rtsocket loaded
2016-11-23 06:46:20		 perfmon loaded
2016-11-23 06:46:20		 iec104 loaded
2016-11-23 06:46:20	Start module iec1 - ping ya.ru -t 
2016-11-23 06:46:52	Module iec1 stoped.
	
2016-11-23 06:50:40	Start system
2016-11-23 06:50:40	Load modules
2016-11-23 06:50:41		 webserver loaded
2016-11-23 06:50:41		 rtsocket loaded
2016-11-23 06:50:41		 perfmon loaded
2016-11-23 06:50:41		 iec104 loaded
2016-11-23 06:50:41	Start module iec1 - ping ya.ru -t 
2016-11-23 06:57:37	Module iec1 stoped.
	
2016-11-23 11:40:34	Start system
2016-11-23 11:40:34	Load modules
2016-11-23 11:40:35		 webserver loaded
2016-11-23 11:40:35		 rtsocket loaded
2016-11-23 11:40:35		 perfmon loaded
2016-11-23 11:40:35		 iec104 loaded
2016-11-23 11:40:35	Start module iec1 - ping ya.ru -t 
2016-11-23 11:41:09	Module iec1 stoped.
	
2016-11-23 11:44:27	Start system
2016-11-23 11:44:27	Load modules
2016-11-23 11:44:28		 webserver loaded
2016-11-23 11:44:28		 rtsocket loaded
2016-11-23 11:44:28		 perfmon loaded
2016-11-23 11:44:28		 iec104 loaded
2016-11-23 11:44:28	Start module iec1 - ping ya.ru -t 
2016-11-23 12:25:18	Module iec1 stoped.
	
2016-11-24 06:10:36	Start system
2016-11-24 06:10:36	Load modules
2016-11-24 06:10:37		 webserver loaded
2016-11-24 06:10:37		 rtsocket loaded
2016-11-24 06:10:37		 perfmon loaded
2016-11-24 06:10:37		 iec104 loaded
2016-11-24 06:10:37	Start module iec1 - ping ya.ru -t 
	
2016-11-24 06:24:10	Start system
2016-11-24 06:24:10	Load modules
2016-11-24 06:24:11		 webserver loaded
2016-11-24 06:24:11		 rtsocket loaded
2016-11-24 06:24:11		 perfmon loaded
2016-11-24 06:24:11		 iec104 loaded
2016-11-24 06:24:11	Start module iec1 - ping ya.ru -t 
	
2016-11-24 06:25:15	Start system
2016-11-24 06:25:15	Load modules
2016-11-24 06:25:15		 webserver loaded
2016-11-24 06:25:15		 rtsocket loaded
2016-11-24 06:25:15		 perfmon loaded
2016-11-24 06:25:15		 iec104 loaded
2016-11-24 06:25:15	Start module iec1 - ping ya.ru -t 
	
2016-11-24 06:26:40	Start system
2016-11-24 06:26:40	Load modules
2016-11-24 06:26:40		 webserver loaded
2016-11-24 06:26:40		 rtsocket loaded
2016-11-24 06:26:40		 perfmon loaded
2016-11-24 06:26:40		 iec104 loaded
2016-11-24 06:26:40	Start module iec1 - ping ya.ru -t 
	
2016-11-24 06:27:16	Start system
2016-11-24 06:27:16	Load modules
2016-11-24 06:27:17		 webserver loaded
2016-11-24 06:27:17		 rtsocket loaded
2016-11-24 06:27:17		 perfmon loaded
2016-11-24 06:27:17		 iec104 loaded
2016-11-24 06:27:17	Start module iec1 - ping ya.ru -t 
2016-11-24 07:08:20	Module iec1 stoped.
	
2016-11-24 13:26:55	Start system
2016-11-24 13:26:55	Load modules
2016-11-24 13:26:55		 webserver loaded
2016-11-24 13:26:55		 rtsocket loaded
2016-11-24 13:26:56		 perfmon loaded
2016-11-24 13:26:56		 iec104 loaded
	
2016-11-24 13:27:28	Start system
2016-11-24 13:27:28	Load modules
2016-11-24 13:27:28		 webserver loaded
2016-11-24 13:27:28		 rtsocket loaded
2016-11-24 13:27:28		 perfmon loaded
2016-11-24 13:27:28		 iec104 loaded
	
2016-11-24 13:27:37	Start system
2016-11-24 13:27:37	Load modules
2016-11-24 13:27:37		 webserver loaded
2016-11-24 13:27:37		 rtsocket loaded
2016-11-24 13:27:38		 perfmon loaded
2016-11-24 13:27:38		 iec104 loaded
	
2016-11-24 13:28:08	Start system
2016-11-24 13:28:08	Load modules
2016-11-24 13:28:09		 webserver loaded
2016-11-24 13:28:09		 rtsocket loaded
2016-11-24 13:28:09		 perfmon loaded
2016-11-24 13:28:09		 iec104 loaded
	
2016-11-24 13:29:36	Start system
2016-11-24 13:29:36	Load modules
2016-11-24 13:29:36		 webserver loaded
2016-11-24 13:29:36		 rtsocket loaded
2016-11-24 13:29:37		 perfmon loaded
2016-11-24 13:29:37		 iec104 loaded
	
2016-11-24 13:29:56	Start system
2016-11-24 13:29:56	Load modules
2016-11-24 13:29:56		 webserver loaded
2016-11-24 13:29:56		 rtsocket loaded
2016-11-24 13:29:56		 perfmon loaded
2016-11-24 13:29:56		 iec104 loaded
	
2016-11-24 13:30:48	Start system
2016-11-24 13:30:48	Load modules
2016-11-24 13:30:49		 webserver loaded
2016-11-24 13:30:49		 rtsocket loaded
2016-11-24 13:30:49		 perfmon loaded
2016-11-24 13:30:49		 iec104 loaded
	
2016-11-24 13:32:38	Start system
2016-11-24 13:32:38	Load modules
2016-11-24 13:32:38		 webserver loaded
2016-11-24 13:32:38		 rtsocket loaded
2016-11-24 13:32:38		 perfmon loaded
2016-11-24 13:32:38		 iec104 loaded
	
2016-11-24 13:33:58	Start system
2016-11-24 13:33:58	Load modules
2016-11-24 13:33:58		 webserver loaded
2016-11-24 13:33:58		 rtsocket loaded
2016-11-24 13:33:59		 perfmon loaded
2016-11-24 13:33:59		 iec104 loaded
	
2016-11-24 13:35:37	Start system
2016-11-24 13:35:37	Load modules
2016-11-24 13:35:38		 webserver loaded
2016-11-24 13:35:38		 rtsocket loaded
2016-11-24 13:35:38		 perfmon loaded
2016-11-24 13:35:38		 iec104 loaded
	
2016-11-24 13:36:38	Start system
2016-11-24 13:36:38	Load modules
2016-11-24 13:36:38		 webserver loaded
2016-11-24 13:36:38		 rtsocket loaded
2016-11-24 13:36:38		 perfmon loaded
2016-11-24 13:36:38		 iec104 loaded
2016-11-24 13:37:14	Start module iec1 - ping ya.ru -t 
	
2016-11-24 13:39:56	Start system
2016-11-24 13:39:56	Load modules
2016-11-24 13:39:57		 webserver loaded
2016-11-24 13:39:57		 rtsocket loaded
2016-11-24 13:39:57		 perfmon loaded
2016-11-24 13:39:57		 iec104 loaded
2016-11-24 13:40:02	Start module iec1 - ping ya.ru -t 
	
2016-11-24 13:40:10	Start system
2016-11-24 13:40:10	Load modules
2016-11-24 13:40:10		 webserver loaded
2016-11-24 13:40:10		 rtsocket loaded
2016-11-24 13:40:11		 perfmon loaded
2016-11-24 13:40:11		 iec104 loaded
2016-11-24 13:40:11	Start module iec1 - ping ya.ru -t 
	
2016-11-24 13:54:37	Start system
2016-11-24 13:54:37	Load modules
2016-11-24 13:54:37		 webserver loaded
2016-11-24 13:54:37		 rtsocket loaded
2016-11-24 13:54:38		 perfmon loaded
2016-11-24 13:54:38		 iec104 loaded
2016-11-24 13:54:38	Start module iec1 - ping ya.ru -t 
	
2016-11-24 13:55:26	Start system
2016-11-24 13:55:26	Load modules
2016-11-24 13:55:27		 webserver loaded
2016-11-24 13:55:27		 rtsocket loaded
2016-11-24 13:55:27		 perfmon loaded
2016-11-24 13:55:27		 iec104 loaded
2016-11-24 13:55:27	Start module iec1 - ping ya.ru -t 
	
2016-11-24 13:56:16	Start system
2016-11-24 13:56:16	Load modules
2016-11-24 13:56:16		 webserver loaded
2016-11-24 13:56:16		 rtsocket loaded
2016-11-24 13:56:16		 perfmon loaded
2016-11-24 13:56:16		 iec104 loaded
2016-11-24 13:56:17	Start module iec1 - ping ya.ru -t 
	
2016-11-24 13:57:46	Start system
2016-11-24 13:57:46	Load modules
2016-11-24 13:57:46		 webserver loaded
2016-11-24 13:57:46		 rtsocket loaded
2016-11-24 13:57:46		 perfmon loaded
2016-11-24 13:57:46		 iec104 loaded
2016-11-24 13:57:47	Start module iec1 - ping ya.ru -t 
	
2016-11-24 13:58:36	Start system
2016-11-24 13:58:36	Load modules
2016-11-24 13:58:36		 webserver loaded
2016-11-24 13:58:36		 rtsocket loaded
2016-11-24 13:58:36		 perfmon loaded
2016-11-24 13:58:36		 iec104 loaded
2016-11-24 13:58:36	Start module iec1 - ping ya.ru -t 
	
2016-11-24 14:03:15	Start system
2016-11-24 14:03:15	Load modules
2016-11-24 14:03:15		 webserver loaded
2016-11-24 14:03:15		 rtsocket loaded
2016-11-24 14:03:15		 perfmon loaded
2016-11-24 14:03:15		 iec104 loaded
2016-11-24 14:03:15	Start module iec1 - ping ya.ru -t 
	
2016-11-24 19:16:40	Start system
2016-11-24 19:16:40	Load modules
2016-11-24 19:16:40		 webserver loaded
2016-11-24 19:16:40		 rtsocket loaded
2016-11-24 19:16:41		 perfmon loaded
2016-11-24 19:16:41		 iec104 loaded
2016-11-24 19:16:41	Start module iec1 - ping ya.ru -t 
	
2016-11-24 19:19:47	Start system
2016-11-24 19:19:47	Load modules
2016-11-24 19:19:48		 webserver loaded
2016-11-24 19:19:48		 rtsocket loaded
2016-11-24 19:19:48		 perfmon loaded
2016-11-24 19:19:48		 iec104 loaded
2016-11-24 19:19:48	Start module iec1 - ping ya.ru -t 
	
2016-11-24 19:20:03	Start system
2016-11-24 19:20:03	Load modules
2016-11-24 19:20:04		 webserver loaded
2016-11-24 19:20:04		 rtsocket loaded
2016-11-24 19:20:04		 perfmon loaded
2016-11-24 19:20:04		 iec104 loaded
2016-11-24 19:20:04	Start module iec1 - ping ya.ru -t 
	
2016-11-24 19:21:28	Start system
2016-11-24 19:21:28	Load modules
2016-11-24 19:21:28		 webserver loaded
2016-11-24 19:21:28		 rtsocket loaded
2016-11-24 19:21:28		 perfmon loaded
2016-11-24 19:21:28		 iec104 loaded
2016-11-24 19:21:28	Start module iec1 - ping ya.ru -t 
	
2016-11-24 19:22:14	Start system
2016-11-24 19:22:14	Load modules
2016-11-24 19:22:14		 webserver loaded
2016-11-24 19:22:14		 rtsocket loaded
2016-11-24 19:22:15		 perfmon loaded
2016-11-24 19:22:15		 iec104 loaded
2016-11-24 19:22:15	Start module iec1 - ping ya.ru -t 
